<?xml version="1.0" encoding="UTF-8"?>
<!-- Generated by org.testng.reporters.JUnitXMLReporter -->
<testsuite ignored="0" hostname="Bankim" failures="1" tests="1" name="Default test" time="0.555" errors="0" timestamp="26 Nov 2022 20:53:13 GMT">
  <testcase classname="io.cucumber.testng.AbstractTestNGCucumberTests" name="runScenario" time="0.145">
    <failure type="java.lang.NullPointerException" message="Cannot invoke &amp;quot;org.openqa.selenium.WebDriver.manage()&amp;quot; because &amp;quot;orange.usa.basepage.BasePage.driver&amp;quot; is null">
      <![CDATA[java.lang.NullPointerException: Cannot invoke "org.openqa.selenium.WebDriver.manage()" because "orange.usa.basepage.BasePage.driver" is null
at orange.usa.basepage.BasePage.startAutomation(BasePage.java:95)
at orange.usa.stepdefinations.LoginTest.user_able_to_open_any_browser(LoginTest.java:25)
at ✽.User able to open any browser(file:///C:/Users/user/eclipse-workspace/Orange_AutoFramwork/./Features/LoginFunction.feature:6)
]]>
    </failure>
  </testcase> <!-- runScenario -->
</testsuite> <!-- Default test -->
