-------------------------------------------------------------------------------
Test set: TestSuite
-------------------------------------------------------------------------------
Tests run: 1, Failures: 1, Errors: 0, Skipped: 0, Time elapsed: 1.333 s <<< FAILURE! - in TestSuite
runScenario(orange.usa.myrunner.MyRunner)  Time elapsed: 0.108 s  <<< FAILURE!
java.lang.NullPointerException

