<?xml version="1.0" encoding="UTF-8"?>
<testng-results ignored="0" total="1" passed="0" failed="1" skipped="0">
  <reporter-output>
  </reporter-output>
  <suite started-at="2022-12-22T06:09:51Z" name="SanityTest" finished-at="2022-12-22T06:09:51Z" duration-ms="518">
    <groups>
      <group name="cucumber">
        <method signature="AbstractTestNGCucumberTests.runScenario(io.cucumber.testng.PickleWrapper, io.cucumber.testng.FeatureWrapper)[pri:0, instance:orange.usa.myrunner.MyRunner@4b14918a]" name="runScenario" class="io.cucumber.testng.AbstractTestNGCucumberTests"/>
      </group> <!-- cucumber -->
    </groups>
    <test started-at="2022-12-22T06:09:51Z" name="https://opensource-demo.orangehrmlive.com/web/index.php/auth/login" finished-at="2022-12-22T06:09:51Z" duration-ms="518">
      <class name="orange.usa.myrunner.MyRunner">
        <test-method is-config="true" signature="setUpClass(org.testng.ITestContext)[pri:0, instance:orange.usa.myrunner.MyRunner@4b14918a]" started-at="2022-12-22T06:09:51Z" name="setUpClass" finished-at="2022-12-22T06:09:51Z" duration-ms="173" status="PASS">
          <params>
            <param index="0">
              <value>
                <![CDATA[org.testng.TestRunner@213860b8]]>
              </value>
            </param>
          </params>
          <reporter-output>
          </reporter-output>
        </test-method> <!-- setUpClass -->
        <test-method signature="runScenario(io.cucumber.testng.PickleWrapper, io.cucumber.testng.FeatureWrapper)[pri:0, instance:orange.usa.myrunner.MyRunner@4b14918a]" started-at="2022-12-22T06:09:51Z" name="runScenario" description="Runs Cucumber Scenarios" data-provider="scenarios" finished-at="2022-12-22T06:09:51Z" duration-ms="105" status="FAIL">
          <params>
            <param index="0">
              <value>
                <![CDATA["User able to login the application with the valid credentials"]]>
              </value>
            </param>
            <param index="1">
              <value>
                <![CDATA["Valid user able to login the application"]]>
              </value>
            </param>
          </params>
          <exception class="java.lang.NullPointerException">
            <full-stacktrace>
              <![CDATA[java.lang.NullPointerException
at orange.usa.basepage.BasePage.startAutomation(BasePage.java:95)
at orange.usa.stepdefinations.LoginTest.user_able_to_open_any_browser(LoginTest.java:25)
at ✽.User able to open any browser(file:///C:/Users/user/eclipse-workspace/Orange_AutoFramwork/./Features/LoginFunction.feature:6)
]]>
            </full-stacktrace>
          </exception> <!-- java.lang.NullPointerException -->
          <reporter-output>
          </reporter-output>
        </test-method> <!-- runScenario -->
        <test-method is-config="true" signature="tearDownClass()[pri:0, instance:orange.usa.myrunner.MyRunner@4b14918a]" started-at="2022-12-22T06:09:51Z" name="tearDownClass" finished-at="2022-12-22T06:09:51Z" duration-ms="225" status="PASS">
          <reporter-output>
          </reporter-output>
        </test-method> <!-- tearDownClass -->
      </class> <!-- orange.usa.myrunner.MyRunner -->
    </test> <!-- https://opensource-demo.orangehrmlive.com/web/index.php/auth/login -->
  </suite> <!-- SanityTest -->
</testng-results>
