<?xml version="1.0" encoding="UTF-8"?>
<!-- Generated by org.testng.reporters.JUnitReportReporter -->
<testsuite hostname="Bankim" failures="0" tests="1" name="orange.usa.myrunner.MyRunner" time="0.161" errors="1" timestamp="22 Dec 2022 06:06:46 GMT" skipped="0">
  <testcase classname="orange.usa.myrunner.MyRunner" name="runScenario" time="0.161">
    <error message="Cannot invoke &quot;org.openqa.selenium.WebDriver.manage()&quot; because &quot;orange.usa.basepage.BasePage.driver&quot; is null" type="java.lang.NullPointerException">
      <![CDATA[java.lang.NullPointerException: Cannot invoke "org.openqa.selenium.WebDriver.manage()" because "orange.usa.basepage.BasePage.driver" is null
at orange.usa.basepage.BasePage.startAutomation(BasePage.java:95)
at orange.usa.stepdefinations.LoginTest.user_able_to_open_any_browser(LoginTest.java:25)
at ✽.User able to open any browser(file:///C:/Users/user/eclipse-workspace/Orange_AutoFramwork/./Features/LoginFunction.feature:6)
]]>
    </error>
  </testcase> <!-- runScenario -->
</testsuite> <!-- orange.usa.myrunner.MyRunner -->
