<?xml version="1.0" encoding="UTF-8"?>
<!-- Generated by org.testng.reporters.JUnitReportReporter -->
<testsuite hostname="Bankim" failures="0" tests="1" name="orange.usa.myrunner.MyRunner" time="0.105" errors="1" timestamp="22 Dec 2022 06:09:51 GMT" skipped="0">
  <testcase classname="orange.usa.myrunner.MyRunner" name="runScenario" time="0.105">
    <error type="java.lang.NullPointerException">
      <![CDATA[java.lang.NullPointerException
at orange.usa.basepage.BasePage.startAutomation(BasePage.java:95)
at orange.usa.stepdefinations.LoginTest.user_able_to_open_any_browser(LoginTest.java:25)
at ✽.User able to open any browser(file:///C:/Users/user/eclipse-workspace/Orange_AutoFramwork/./Features/LoginFunction.feature:6)
]]>
    </error>
  </testcase> <!-- runScenario -->
</testsuite> <!-- orange.usa.myrunner.MyRunner -->
